1554143583803:deleteAuthor asda
1554143593640:stacktrace
1554143614099:run
1554143638598:deleteAuthor aaa
1554143654259:deleteAuthor -aaa
1554143663701:deleteAuthor
1554143673923:newAuthor ddd
1554143708439:deleteauthor aaa
1554143715683:genres
1554143729191:allauthors
1554143734934:authors
1554143861969:genres
1554143902054:deleteauthor aaa
1554143924841:deleteauthor bbbbbbbbbbbbbbbb
1554144032769:deleteauthor aaaaaa
1554145991446:getauthorbyname dfr
1554146004722:stacktrace
1554146233209:getauthorbyname dkpf
1554146245007:stacktrace
1556444668904:authors
1556444683980:newauthor vasya
1556444688916:authors
1556455659304:newauthor aaass
1556455664607:authors
1556470487246:newauthor ass
1556470492872:authors
